<?xml version="1.0" encoding="UTF-8"?>
<!-- Generated by org.testng.reporters.JUnitReportReporter -->
<testsuite hostname="IND-AbhijitJ-Dell3410" failures="0" tests="7" name="CTT_Demo1.ctt_Cut_SKUS" time="174.096" errors="0" timestamp="2024-08-14T13:18:22 IST" skipped="0">
  <testcase classname="CTT_Demo1.ctt_Cut_SKUS" name="CTT_Login_Page_Displayed_And_Enters_Login_Details" time="7.971"/>
  <testcase classname="CTT_Demo1.ctt_Cut_SKUS" name="Verify_Login_Person_Name" time="1.071"/>
  <testcase classname="CTT_Demo1.ctt_Cut_SKUS" name="Check_The_SKUList_Page_open_Or_Not" time="21.201"/>
  <testcase classname="CTT_Demo1.ctt_Cut_SKUS" name="verify_The_SKU_List_Page_Title_And_Cut_The_SingleSKU" time="32.632"/>
  <testcase classname="CTT_Demo1.ctt_Cut_SKUS" name="Cut_the_All_SKU_From_The_Leaf_Node" time="29.130"/>
  <testcase classname="CTT_Demo1.ctt_Cut_SKUS" name="Verify_through_the_AG_grid_Cut_Single_SKU" time="50.415"/>
  <testcase classname="CTT_Demo1.ctt_Cut_SKUS" name="Verify_through_the_AG_grid_Cut_ALL_SKU" time="31.676"/>
</testsuite> <!-- CTT_Demo1.ctt_Cut_SKUS -->
