<?xml version="1.0" encoding="UTF-8"?>
<!-- Generated by org.testng.reporters.JUnitReportReporter -->
<testsuite hostname="IND-AbhijitJ-Dell3410" failures="0" tests="5" name="CTT_Demo1.Single_SKU_SrchDB_AWR" time="345.499" errors="0" timestamp="2024-09-12T09:01:42 IST" skipped="0">
  <testcase classname="CTT_Demo1.Single_SKU_SrchDB_AWR" name="CTT_Login_Page_Displayed_And_Enters_Login_Details" time="51.932"/>
  <testcase classname="CTT_Demo1.Single_SKU_SrchDB_AWR" name="Verify_Login_Person_Name" time="2.121"/>
  <testcase classname="CTT_Demo1.Single_SKU_SrchDB_AWR" name="Open_Specific_Project" time="57.042"/>
  <testcase classname="CTT_Demo1.Single_SKU_SrchDB_AWR" name="Verify_Through_AWR" time="130.166"/>
  <testcase classname="CTT_Demo1.Single_SKU_SrchDB_AWR" name="Verify_Through_AWR_and_Update_AWR_Value" time="104.238"/>
</testsuite> <!-- CTT_Demo1.Single_SKU_SrchDB_AWR -->
