<?xml version="1.0" encoding="UTF-8"?>
<!-- Generated by org.testng.reporters.JUnitReportReporter -->
<testsuite hostname="IND-AbhijitJ-Dell3410" failures="0" tests="14" name="CTT_Demo.cttAG_Grid_Normal_QA_Check" time="286.651" errors="0" timestamp="2024-07-24T12:31:24 IST" skipped="0">
  <testcase classname="CTT_Demo.cttAG_Grid_Normal_QA_Check" name="CTT_Project_LoginPage_Displayed" time="2.079"/>
  <testcase classname="CTT_Demo.cttAG_Grid_Normal_QA_Check" name="CTT_EnterLogin_Details" time="9.664"/>
  <testcase classname="CTT_Demo.cttAG_Grid_Normal_QA_Check" name="Check_The_AG_Grid_Page_open_Or_Not" time="28.885"/>
  <testcase classname="CTT_Demo.cttAG_Grid_Normal_QA_Check" name="Validte_The_Translation_Condition" time="39.099"/>
  <testcase classname="CTT_Demo.cttAG_Grid_Normal_QA_Check" name="Verify_The_QA_Checks_Contains_trailing_spaces" time="20.715"/>
  <testcase classname="CTT_Demo.cttAG_Grid_Normal_QA_Check" name="Verify_The_QA_Checks_Contains_trailing_Zeros" time="18.301"/>
  <testcase classname="CTT_Demo.cttAG_Grid_Normal_QA_Check" name="Verify_The_QA_Checks_Contains_leading_Zeros" time="18.383"/>
  <testcase classname="CTT_Demo.cttAG_Grid_Normal_QA_Check" name="Verify_The_QA_Checks_ContainsSpecialChar" time="18.339"/>
  <testcase classname="CTT_Demo.cttAG_Grid_Normal_QA_Check" name="Verify_The_QA_Checks_Range_Representation_Check" time="18.270"/>
  <testcase classname="CTT_Demo.cttAG_Grid_Normal_QA_Check" name="Verify_The_QA_Checks_Trademark_and_Copyright_Check" time="18.603"/>
  <testcase classname="CTT_Demo.cttAG_Grid_Normal_QA_Check" name="Verify_The_QA_Checks_contains_Double_Spaces" time="18.394"/>
  <testcase classname="CTT_Demo.cttAG_Grid_Normal_QA_Check" name="Verify_The_QA_Checks_contains_empty_string" time="18.400"/>
  <testcase classname="CTT_Demo.cttAG_Grid_Normal_QA_Check" name="Verify_The_NumericUOM" time="33.565"/>
  <testcase classname="CTT_Demo.cttAG_Grid_Normal_QA_Check" name="Verify_The_Apply_Translation" time="23.954"/>
</testsuite> <!-- CTT_Demo.cttAG_Grid_Normal_QA_Check -->
