<?xml version="1.0" encoding="UTF-8"?>
<!-- Generated by org.testng.reporters.JUnitReportReporter -->
<testsuite hostname="IND-AbhijitJ-Dell3410" failures="0" tests="6" name="CTT_STG.ctt_Cut_SKUS" time="142.954" errors="0" timestamp="2024-08-30T16:46:33 IST" skipped="0">
  <testcase classname="CTT_STG.ctt_Cut_SKUS" name="CTT_Login_Page_Displayed_And_Enters_Login_Details" time="8.841"/>
  <testcase classname="CTT_STG.ctt_Cut_SKUS" name="Verify_Login_Person_Name" time="1.076"/>
  <testcase classname="CTT_STG.ctt_Cut_SKUS" name="Open_Specific_Project" time="20.210"/>
  <testcase classname="CTT_STG.ctt_Cut_SKUS" name="verify_The_SKU_List_Page_Title_And_Cut_The_SingleSKU" time="33.011"/>
  <testcase classname="CTT_STG.ctt_Cut_SKUS" name="Cut_the_All_SKU_From_The_Leaf_Node" time="29.199"/>
  <testcase classname="CTT_STG.ctt_Cut_SKUS" name="Verify_through_the_AG_grid_Cut_Single_SKU" time="50.617"/>
</testsuite> <!-- CTT_STG.ctt_Cut_SKUS -->
