<?xml version="1.0" encoding="UTF-8"?>
<!-- Generated by org.testng.reporters.JUnitReportReporter -->
<testsuite hostname="IND-AbhijitJ-Dell3410" failures="0" tests="6" name="CTT_Demo.Product_family" time="170.414" errors="0" timestamp="2024-07-01T14:08:28 IST" skipped="0">
  <testcase classname="CTT_Demo.Product_family" name="CTT_Login_Page_Displayed_And_Enters_Login_Details" time="8.767"/>
  <testcase classname="CTT_Demo.Product_family" name="Verify_Login_Person_Name" time="1.079"/>
  <testcase classname="CTT_Demo.Product_family" name="Open_Specific_Project_and_set_the_fix_Localities_And_Create_Families" time="63.424"/>
  <testcase classname="CTT_Demo.Product_family" name="Open_any_family_ID" time="37.383"/>
  <testcase classname="CTT_Demo.Product_family" name="Open_AGGrid_Screen_and_GroupBy_FamilyId" time="21.769"/>
  <testcase classname="CTT_Demo.Product_family" name="Remove_the_created_families" time="37.992"/>
</testsuite> <!-- CTT_Demo.Product_family -->
