<?xml version="1.0" encoding="UTF-8"?>
<!-- Generated by org.testng.reporters.JUnitReportReporter -->
<testsuite hostname="IND-AbhijitJ-Dell3410" failures="0" tests="15" name="CTT_Demo.skuTbFA" time="345.986" errors="0" timestamp="2024-08-13T14:04:48 IST" skipped="0">
  <testcase classname="CTT_Demo.skuTbFA" name="CTT_Login_Page_Displayed_And_Enters_Login_Details" time="8.122"/>
  <testcase classname="CTT_Demo.skuTbFA" name="Verify_Login_Person_Name" time="4.071"/>
  <testcase classname="CTT_Demo.skuTbFA" name="Open_Specific_Project" time="39.900"/>
  <testcase classname="CTT_Demo.skuTbFA" name="Validte_The_Translation_Condition" time="39.318"/>
  <testcase classname="CTT_Demo.skuTbFA" name="Verify_The_QA_Checks_Contains_trailing_spaces" time="20.434"/>
  <testcase classname="CTT_Demo.skuTbFA" name="Verify_The_QA_Checks_Contains_trailing_Zeros" time="18.121"/>
  <testcase classname="CTT_Demo.skuTbFA" name="Verify_The_QA_Checks_Contains_leading_Zeros" time="18.098"/>
  <testcase classname="CTT_Demo.skuTbFA" name="Verify_The_QA_Checks_ContainsSpecialChar" time="18.153"/>
  <testcase classname="CTT_Demo.skuTbFA" name="Verify_The_QA_Checks_Range_Representation_Check" time="18.142"/>
  <testcase classname="CTT_Demo.skuTbFA" name="Verify_The_QA_Checks_Trademark_and_Copyright_Check" time="18.154"/>
  <testcase classname="CTT_Demo.skuTbFA" name="Verify_The_QA_Checks_contains_Double_Spaces" time="18.047"/>
  <testcase classname="CTT_Demo.skuTbFA" name="Verify_The_QA_Checks_contains_empty_string" time="18.112"/>
  <testcase classname="CTT_Demo.skuTbFA" name="Verify_The_NumericUOM" time="33.170"/>
  <testcase classname="CTT_Demo.skuTbFA" name="Verify_The_NumericUOM_into_string" time="41.557"/>
  <testcase classname="CTT_Demo.skuTbFA" name="Verify_The_Apply_Translation" time="32.587"/>
</testsuite> <!-- CTT_Demo.skuTbFA -->
