<?xml version="1.0" encoding="UTF-8"?>
<!-- Generated by org.testng.reporters.JUnitReportReporter -->
<testsuite hostname="IND-AbhijitJ-Dell3410" failures="0" tests="5" name="CTT_Demo1.vertical_viewfun" time="122.678" errors="0" timestamp="2024-09-06T19:01:00 IST" skipped="0">
  <testcase classname="CTT_Demo1.vertical_viewfun" name="CTT_Login_Page_Displayed_And_Enters_Login_Details" time="7.605"/>
  <testcase classname="CTT_Demo1.vertical_viewfun" name="Verify_Login_Person_Name" time="4.062"/>
  <testcase classname="CTT_Demo1.vertical_viewfun" name="Open_Specific_Project" time="42.097"/>
  <testcase classname="CTT_Demo1.vertical_viewfun" name="Move_To_The_Vertical_View_add_value" time="28.099"/>
  <testcase classname="CTT_Demo1.vertical_viewfun" name="Verify_the_vertical_end_node_data_presnt_in_PareentNode" time="40.815"/>
</testsuite> <!-- CTT_Demo1.vertical_viewfun -->
