<?xml version="1.0" encoding="UTF-8"?>
<!-- Generated by org.testng.reporters.JUnitReportReporter -->
<testsuite hostname="IND-AbhijitJ-Dell3410" failures="0" tests="4" name="CTT_Demo.LoginScreen" time="48.787" errors="0" timestamp="2024-08-05T17:00:29 IST" skipped="0">
  <testcase classname="CTT_Demo.LoginScreen" name="CTT_Login_Page_Displayed_And_Enters_Login_Details" time="9.234"/>
  <testcase classname="CTT_Demo.LoginScreen" name="Verify_Login_Person_Name" time="4.060"/>
  <testcase classname="CTT_Demo.LoginScreen" name="open_Specific_Project" time="16.826"/>
  <testcase classname="CTT_Demo.LoginScreen" name="Open_AGGrid_Screen" time="18.667"/>
</testsuite> <!-- CTT_Demo.LoginScreen -->
