<?xml version="1.0" encoding="UTF-8"?>
<!-- Generated by org.testng.reporters.JUnitReportReporter -->
<testsuite hostname="IND-AbhijitJ-Dell3410" failures="0" tests="6" name="CTT_Demo1.Product_family" time="197.938" errors="0" timestamp="2024-08-13T17:35:09 IST" skipped="0">
  <testcase classname="CTT_Demo1.Product_family" name="CTT_Login_Page_Displayed_And_Enters_Login_Details" time="9.502"/>
  <testcase classname="CTT_Demo1.Product_family" name="Verify_Login_Person_Name" time="1.116"/>
  <testcase classname="CTT_Demo1.Product_family" name="Open_Specific_Project_and_set_the_fix_Localities_And_Create_Families" time="71.684"/>
  <testcase classname="CTT_Demo1.Product_family" name="Open_any_family_ID" time="46.678"/>
  <testcase classname="CTT_Demo1.Product_family" name="Open_AGGrid_Screen_and_GroupBy_FamilyId" time="22.783"/>
  <testcase classname="CTT_Demo1.Product_family" name="Remove_the_created_families" time="46.175"/>
</testsuite> <!-- CTT_Demo1.Product_family -->
